2025-05-17T08:30:33.650604Z  INFO postgresql_server: Starting PostgreSQL server... Logs will be saved to logs/postgresql_server.log
2025-05-17T08:30:33.650618Z  INFO postgresql_server: Using connection string: postgresql://postgres:%5B.x2CfX%24%25I%5EPL%3EvK@demo.c9gwwyiy2m4d.us-west-2.rds.amazonaws.com:5432/demo
2025-05-17T08:30:33.651003Z  INFO serve_inner: rmcp::service: Service initialized as server peer_info=InitializeRequestParam { protocol_version: ProtocolVersion("2.0"), capabilities: ClientCapabilities { experimental: None, roots: None, sampling: None }, client_info: Implementation { name: "Q CLI Chat", version: "1.0.0" } }
2025-05-17T08:30:33.651041Z  INFO serve_inner: rmcp::service: close time.busy=39.9µs time.idle=19.3µs
2025-05-17T08:30:33.651145Z DEBUG rmcp::service: new event evt=PeerMessage(Request(ListToolsRequest(Request { method: ListToolsRequestMethod, params: None }), Number(1)))
2025-05-17T08:30:33.651152Z  INFO rmcp::service: received request id=1 request=ListToolsRequest(Request { method: ListToolsRequestMethod, params: None })
2025-05-17T08:30:33.651208Z  INFO rmcp::service: response message id=1 result=ListToolsResult(ListToolsResult { next_cursor: None, tools: [Tool { name: "query", description: "Run a read-only SQL query", input_schema: {"$schema": String("http://json-schema.org/draft-07/schema#"), "properties": Object {"sql": Object {"description": String("SQL query to execute (read-only)"), "type": String("string")}}, "required": Array [String("sql")], "title": String("__QUERYToolCallParam"), "type": String("object")} }, Tool { name: "list_tables", description: "List tables in the PostgreSQL database", input_schema: {"$schema": String("http://json-schema.org/draft-07/schema#"), "title": String("EmptyObject"), "type": String("object")} }, Tool { name: "get_table_schema", description: "Get schema for a specific table", input_schema: {"$schema": String("http://json-schema.org/draft-07/schema#"), "properties": Object {"table_name": Object {"description": String("Name of the table to get schema for"), "type": String("string")}}, "required": Array [String("table_name")], "title": String("__GET_TABLE_SCHEMAToolCallParam"), "type": String("object")} }] })
2025-05-17T08:30:33.651223Z DEBUG rmcp::service: new event evt=ToSink(Response(ListToolsResult(ListToolsResult { next_cursor: None, tools: [Tool { name: "query", description: "Run a read-only SQL query", input_schema: {"$schema": String("http://json-schema.org/draft-07/schema#"), "properties": Object {"sql": Object {"description": String("SQL query to execute (read-only)"), "type": String("string")}}, "required": Array [String("sql")], "title": String("__QUERYToolCallParam"), "type": String("object")} }, Tool { name: "list_tables", description: "List tables in the PostgreSQL database", input_schema: {"$schema": String("http://json-schema.org/draft-07/schema#"), "title": String("EmptyObject"), "type": String("object")} }, Tool { name: "get_table_schema", description: "Get schema for a specific table", input_schema: {"$schema": String("http://json-schema.org/draft-07/schema#"), "properties": Object {"table_name": Object {"description": String("Name of the table to get schema for"), "type": String("string")}}, "required": Array [String("table_name")], "title": String("__GET_TABLE_SCHEMAToolCallParam"), "type": String("object")} }] }), Number(1)))
2025-05-17T08:31:07.490812Z DEBUG rmcp::service: new event evt=PeerMessage(Request(CallToolRequest(Request { method: CallToolRequestMethod, params: CallToolRequestParam { name: "get_table_schema", arguments: Some({"table_name": String("students")}) } }), Number(2)))
2025-05-17T08:31:07.490849Z  INFO rmcp::service: received request id=2 request=CallToolRequest(Request { method: CallToolRequestMethod, params: CallToolRequestParam { name: "get_table_schema", arguments: Some({"table_name": String("students")}) } })
2025-05-17T08:31:07.490879Z  INFO postgresql_server::operator: Getting schema for table: students
2025-05-17T08:31:07.518378Z DEBUG tokio_postgres::prepare: preparing query s0: 
                    SELECT column_name, data_type
                    FROM information_schema.columns
                    WHERE table_name = $1
                    
2025-05-17T08:31:07.518420Z TRACE tokio_postgres::connection: poll_read: waiting on response    
2025-05-17T08:31:07.518426Z TRACE tokio_postgres::connection: polled new request    
2025-05-17T08:31:07.518431Z TRACE tokio_postgres::connection: poll_write: waiting on request    
2025-05-17T08:31:07.518458Z TRACE tokio_postgres::connection: poll_flush: flushed    
2025-05-17T08:31:07.522521Z TRACE tokio_postgres::connection: poll_read: waiting on response    
2025-05-17T08:31:07.522544Z TRACE tokio_postgres::connection: poll_write: waiting on request    
2025-05-17T08:31:07.522549Z TRACE tokio_postgres::connection: poll_flush: flushed    
2025-05-17T08:31:07.522576Z DEBUG tokio_postgres::query: executing statement s0 with parameters: ["students"]    
2025-05-17T08:31:07.522592Z TRACE tokio_postgres::connection: poll_read: waiting on response    
2025-05-17T08:31:07.522597Z TRACE tokio_postgres::connection: polled new request    
2025-05-17T08:31:07.522602Z TRACE tokio_postgres::connection: poll_write: waiting on request    
2025-05-17T08:31:07.522630Z TRACE tokio_postgres::connection: poll_flush: flushed    
2025-05-17T08:31:07.527263Z TRACE tokio_postgres::connection: poll_read: waiting on response    
2025-05-17T08:31:07.527276Z TRACE tokio_postgres::connection: poll_write: waiting on request    
2025-05-17T08:31:07.527281Z TRACE tokio_postgres::connection: poll_flush: flushed    
2025-05-17T08:31:07.527297Z  INFO postgresql_server::operator: Successfully retrieved schema for table students with 2 columns
2025-05-17T08:31:07.527319Z  INFO rmcp::service: response message id=2 result=CallToolResult(CallToolResult { content: [Annotated { raw: Text(RawTextContent { text: "[{\"column_name\":\"student_id\",\"data_type\":\"integer\"},{\"column_name\":\"name\",\"data_type\":\"character varying\"}]" }), annotations: None }], is_error: Some(false) })
2025-05-17T08:31:07.527358Z DEBUG rmcp::service: new event evt=ToSink(Response(CallToolResult(CallToolResult { content: [Annotated { raw: Text(RawTextContent { text: "[{\"column_name\":\"student_id\",\"data_type\":\"integer\"},{\"column_name\":\"name\",\"data_type\":\"character varying\"}]" }), annotations: None }], is_error: Some(false) }), Number(2)))
2025-05-17T08:31:07.527379Z TRACE tokio_postgres::connection: poll_read: waiting on response    
2025-05-17T08:31:07.527391Z TRACE tokio_postgres::connection: polled new request    
2025-05-17T08:31:07.527396Z TRACE tokio_postgres::connection: poll_write: at eof, pending responses 1    
2025-05-17T08:31:07.527427Z TRACE tokio_postgres::connection: poll_flush: flushed    
2025-05-17T08:31:07.528235Z TRACE tokio_postgres::connection: poll_read: waiting on response    
2025-05-17T08:31:07.528247Z TRACE tokio_postgres::connection: poll_write: at eof, terminating    
2025-05-17T08:31:07.528252Z TRACE tokio_postgres::connection: poll_write: sent eof, closing    
2025-05-17T08:31:07.528263Z TRACE tokio_postgres::connection: poll_write: done    
2025-05-17T08:31:07.528299Z TRACE tokio_postgres::connection: poll_shutdown: complete    
2025-05-17T08:31:26.626442Z DEBUG rmcp::service: new event evt=PeerMessage(Request(CallToolRequest(Request { method: CallToolRequestMethod, params: CallToolRequestParam { name: "query", arguments: Some({"sql": String("SELECT * FROM students ORDER BY name LIMIT 100;")}) } }), Number(3)))
2025-05-17T08:31:26.626479Z  INFO rmcp::service: received request id=3 request=CallToolRequest(Request { method: CallToolRequestMethod, params: CallToolRequestParam { name: "query", arguments: Some({"sql": String("SELECT * FROM students ORDER BY name LIMIT 100;")}) } })
2025-05-17T08:31:26.626521Z  INFO postgresql_server::operator: Executing SQL query: SELECT * FROM students ORDER BY name LIMIT 100;
2025-05-17T08:31:26.633473Z DEBUG tokio_postgres::prepare: preparing query s1: SELECT * FROM students ORDER BY name LIMIT 100;    
2025-05-17T08:31:26.633503Z TRACE tokio_postgres::connection: poll_read: waiting on response    
2025-05-17T08:31:26.633514Z TRACE tokio_postgres::connection: polled new request    
2025-05-17T08:31:26.633520Z TRACE tokio_postgres::connection: poll_write: waiting on request    
2025-05-17T08:31:26.633549Z TRACE tokio_postgres::connection: poll_flush: flushed    
2025-05-17T08:31:26.635084Z TRACE tokio_postgres::connection: poll_read: waiting on response    
2025-05-17T08:31:26.635099Z TRACE tokio_postgres::connection: poll_write: waiting on request    
2025-05-17T08:31:26.635103Z TRACE tokio_postgres::connection: poll_flush: flushed    
2025-05-17T08:31:26.635116Z DEBUG tokio_postgres::query: executing statement s1 with parameters: []    
2025-05-17T08:31:26.635123Z TRACE tokio_postgres::connection: poll_read: waiting on response    
2025-05-17T08:31:26.635127Z TRACE tokio_postgres::connection: polled new request    
2025-05-17T08:31:26.635131Z TRACE tokio_postgres::connection: poll_write: waiting on request    
2025-05-17T08:31:26.635162Z TRACE tokio_postgres::connection: poll_flush: flushed    
2025-05-17T08:31:26.637502Z TRACE tokio_postgres::connection: poll_read: waiting on response    
2025-05-17T08:31:26.637519Z TRACE tokio_postgres::connection: poll_write: waiting on request    
2025-05-17T08:31:26.637524Z TRACE tokio_postgres::connection: poll_flush: flushed    
2025-05-17T08:31:26.637636Z  INFO postgresql_server::operator: Query executed successfully, returned 100 rows
2025-05-17T08:31:26.637693Z  INFO rmcp::service: response message id=3 result=CallToolResult(CallToolResult { content: [Annotated { raw: Text(RawTextContent { text: "{\"rows\":[{\"name\":\"Student A. Brown\",\"student_id\":107},{\"name\":\"Student A. Brown\",\"student_id\":770},{\"name\":\"Student A. Brown\",\"student_id\":446},{\"name\":\"Student A. Brown\",\"student_id\":240},{\"name\":\"Student A. Davis\",\"student_id\":771},{\"name\":\"Student A. Davis\",\"student_id\":352},{\"name\":\"Student A. Davis\",\"student_id\":626},{\"name\":\"Student A. Garcia\",\"student_id\":540},{\"name\":\"Student A. Garcia\",\"student_id\":384},{\"name\":\"Student A. Garcia\",\"student_id\":26},{\"name\":\"Student A. Garcia\",\"student_id\":193},{\"name\":\"Student A. Johnson\",\"student_id\":278},{\"name\":\"Student A. Johnson\",\"student_id\":556},{\"name\":\"Student A. Johnson\",\"student_id\":596},{\"name\":\"Student A. Jones\",\"student_id\":699},{\"name\":\"Student A. Jones\",\"student_id\":7},{\"name\":\"Student A. Jones\",\"student_id\":97},{\"name\":\"Student A. Martinez\",\"student_id\":346},{\"name\":\"Student A. Martinez\",\"student_id\":881},{\"name\":\"Student A. Martinez\",\"student_id\":101},{\"name\":\"Student A. Martinez\",\"student_id\":766},{\"name\":\"Student A. Martinez\",\"student_id\":16},{\"name\":\"Student A. Miller\",\"student_id\":341},{\"name\":\"Student A. Miller\",\"student_id\":786},{\"name\":\"Student A. Miller\",\"student_id\":300},{\"name\":\"Student A. Miller\",\"student_id\":163},{\"name\":\"Student A. Rodriguez\",\"student_id\":740},{\"name\":\"Student A. Rodriguez\",\"student_id\":11},{\"name\":\"Student A. Rodriguez\",\"student_id\":705},{\"name\":\"Student A. Rodriguez\",\"student_id\":566},{\"name\":\"Student A. Rodriguez\",\"student_id\":171},{\"name\":\"Student A. Rodriguez\",\"student_id\":174},{\"name\":\"Student A. Rodriguez\",\"student_id\":517},{\"name\":\"Student A. Smith\",\"student_id\":222},{\"name\":\"Student A. Smith\",\"student_id\":575},{\"name\":\"Student A. Smith\",\"student_id\":177},{\"name\":\"Student A. Smith\",\"student_id\":444},{\"name\":\"Student A. Williams\",\"student_id\":741},{\"name\":\"Student A. Williams\",\"student_id\":356},{\"name\":\"Student B. Brown\",\"student_id\":745},{\"name\":\"Student B. Brown\",\"student_id\":112},{\"name\":\"Student B. Brown\",\"student_id\":581},{\"name\":\"Student B. Brown\",\"student_id\":943},{\"name\":\"Student B. Brown\",\"student_id\":453},{\"name\":\"Student B. Davis\",\"student_id\":875},{\"name\":\"Student B. Davis\",\"student_id\":470},{\"name\":\"Student B. Davis\",\"student_id\":334},{\"name\":\"Student B. Davis\",\"student_id\":447},{\"name\":\"Student B. Davis\",\"student_id\":777},{\"name\":\"Student B. Davis\",\"student_id\":998},{\"name\":\"Student B. Davis\",\"student_id\":822},{\"name\":\"Student B. Garcia\",\"student_id\":28},{\"name\":\"Student B. Garcia\",\"student_id\":602},{\"name\":\"Student B. Garcia\",\"student_id\":550},{\"name\":\"Student B. Garcia\",\"student_id\":87},{\"name\":\"Student B. Johnson\",\"student_id\":909},{\"name\":\"Student B. Jones\",\"student_id\":61},{\"name\":\"Student B. Jones\",\"student_id\":772},{\"name\":\"Student B. Jones\",\"student_id\":523},{\"name\":\"Student B. Martinez\",\"student_id\":807},{\"name\":\"Student B. Martinez\",\"student_id\":617},{\"name\":\"Student B. Martinez\",\"student_id\":860},{\"name\":\"Student B. Miller\",\"student_id\":971},{\"name\":\"Student B. Miller\",\"student_id\":408},{\"name\":\"Student B. Miller\",\"student_id\":895},{\"name\":\"Student B. Miller\",\"student_id\":483},{\"name\":\"Student B. Miller\",\"student_id\":75},{\"name\":\"Student B. Miller\",\"student_id\":208},{\"name\":\"Student B. Miller\",\"student_id\":359},{\"name\":\"Student B. Rodriguez\",\"student_id\":812},{\"name\":\"Student B. Rodriguez\",\"student_id\":989},{\"name\":\"Student B. Rodriguez\",\"student_id\":302},{\"name\":\"Student B. Rodriguez\",\"student_id\":229},{\"name\":\"Student B. Smith\",\"student_id\":571},{\"name\":\"Student B. Smith\",\"student_id\":999},{\"name\":\"Student B. Smith\",\"student_id\":627},{\"name\":\"Student B. Smith\",\"student_id\":598},{\"name\":\"Student B. Smith\",\"student_id\":709},{\"name\":\"Student B. Williams\",\"student_id\":366},{\"name\":\"Student B. Williams\",\"student_id\":357},{\"name\":\"Student B. Williams\",\"student_id\":12},{\"name\":\"Student B. Williams\",\"student_id\":958},{\"name\":\"Student B. Williams\",\"student_id\":153},{\"name\":\"Student B. Williams\",\"student_id\":474},{\"name\":\"Student C. Brown\",\"student_id\":422},{\"name\":\"Student C. Davis\",\"student_id\":324},{\"name\":\"Student C. Davis\",\"student_id\":116},{\"name\":\"Student C. Garcia\",\"student_id\":542},{\"name\":\"Student C. Garcia\",\"student_id\":131},{\"name\":\"Student C. Garcia\",\"student_id\":591},{\"name\":\"Student C. Garcia\",\"student_id\":51},{\"name\":\"Student C. Garcia\",\"student_id\":903},{\"name\":\"Student C. Johnson\",\"student_id\":22},{\"name\":\"Student C. Johnson\",\"student_id\":301},{\"name\":\"Student C. Johnson\",\"student_id\":333},{\"name\":\"Student C. Jones\",\"student_id\":167},{\"name\":\"Student C. Jones\",\"student_id\":780},{\"name\":\"Student C. Martinez\",\"student_id\":445},{\"name\":\"Student C. Martinez\",\"student_id\":488},{\"name\":\"Student C. Martinez\",\"student_id\":927}]}" }), annotations: None }], is_error: Some(false) })
2025-05-17T08:31:26.637757Z DEBUG rmcp::service: new event evt=ToSink(Response(CallToolResult(CallToolResult { content: [Annotated { raw: Text(RawTextContent { text: "{\"rows\":[{\"name\":\"Student A. Brown\",\"student_id\":107},{\"name\":\"Student A. Brown\",\"student_id\":770},{\"name\":\"Student A. Brown\",\"student_id\":446},{\"name\":\"Student A. Brown\",\"student_id\":240},{\"name\":\"Student A. Davis\",\"student_id\":771},{\"name\":\"Student A. Davis\",\"student_id\":352},{\"name\":\"Student A. Davis\",\"student_id\":626},{\"name\":\"Student A. Garcia\",\"student_id\":540},{\"name\":\"Student A. Garcia\",\"student_id\":384},{\"name\":\"Student A. Garcia\",\"student_id\":26},{\"name\":\"Student A. Garcia\",\"student_id\":193},{\"name\":\"Student A. Johnson\",\"student_id\":278},{\"name\":\"Student A. Johnson\",\"student_id\":556},{\"name\":\"Student A. Johnson\",\"student_id\":596},{\"name\":\"Student A. Jones\",\"student_id\":699},{\"name\":\"Student A. Jones\",\"student_id\":7},{\"name\":\"Student A. Jones\",\"student_id\":97},{\"name\":\"Student A. Martinez\",\"student_id\":346},{\"name\":\"Student A. Martinez\",\"student_id\":881},{\"name\":\"Student A. Martinez\",\"student_id\":101},{\"name\":\"Student A. Martinez\",\"student_id\":766},{\"name\":\"Student A. Martinez\",\"student_id\":16},{\"name\":\"Student A. Miller\",\"student_id\":341},{\"name\":\"Student A. Miller\",\"student_id\":786},{\"name\":\"Student A. Miller\",\"student_id\":300},{\"name\":\"Student A. Miller\",\"student_id\":163},{\"name\":\"Student A. Rodriguez\",\"student_id\":740},{\"name\":\"Student A. Rodriguez\",\"student_id\":11},{\"name\":\"Student A. Rodriguez\",\"student_id\":705},{\"name\":\"Student A. Rodriguez\",\"student_id\":566},{\"name\":\"Student A. Rodriguez\",\"student_id\":171},{\"name\":\"Student A. Rodriguez\",\"student_id\":174},{\"name\":\"Student A. Rodriguez\",\"student_id\":517},{\"name\":\"Student A. Smith\",\"student_id\":222},{\"name\":\"Student A. Smith\",\"student_id\":575},{\"name\":\"Student A. Smith\",\"student_id\":177},{\"name\":\"Student A. Smith\",\"student_id\":444},{\"name\":\"Student A. Williams\",\"student_id\":741},{\"name\":\"Student A. Williams\",\"student_id\":356},{\"name\":\"Student B. Brown\",\"student_id\":745},{\"name\":\"Student B. Brown\",\"student_id\":112},{\"name\":\"Student B. Brown\",\"student_id\":581},{\"name\":\"Student B. Brown\",\"student_id\":943},{\"name\":\"Student B. Brown\",\"student_id\":453},{\"name\":\"Student B. Davis\",\"student_id\":875},{\"name\":\"Student B. Davis\",\"student_id\":470},{\"name\":\"Student B. Davis\",\"student_id\":334},{\"name\":\"Student B. Davis\",\"student_id\":447},{\"name\":\"Student B. Davis\",\"student_id\":777},{\"name\":\"Student B. Davis\",\"student_id\":998},{\"name\":\"Student B. Davis\",\"student_id\":822},{\"name\":\"Student B. Garcia\",\"student_id\":28},{\"name\":\"Student B. Garcia\",\"student_id\":602},{\"name\":\"Student B. Garcia\",\"student_id\":550},{\"name\":\"Student B. Garcia\",\"student_id\":87},{\"name\":\"Student B. Johnson\",\"student_id\":909},{\"name\":\"Student B. Jones\",\"student_id\":61},{\"name\":\"Student B. Jones\",\"student_id\":772},{\"name\":\"Student B. Jones\",\"student_id\":523},{\"name\":\"Student B. Martinez\",\"student_id\":807},{\"name\":\"Student B. Martinez\",\"student_id\":617},{\"name\":\"Student B. Martinez\",\"student_id\":860},{\"name\":\"Student B. Miller\",\"student_id\":971},{\"name\":\"Student B. Miller\",\"student_id\":408},{\"name\":\"Student B. Miller\",\"student_id\":895},{\"name\":\"Student B. Miller\",\"student_id\":483},{\"name\":\"Student B. Miller\",\"student_id\":75},{\"name\":\"Student B. Miller\",\"student_id\":208},{\"name\":\"Student B. Miller\",\"student_id\":359},{\"name\":\"Student B. Rodriguez\",\"student_id\":812},{\"name\":\"Student B. Rodriguez\",\"student_id\":989},{\"name\":\"Student B. Rodriguez\",\"student_id\":302},{\"name\":\"Student B. Rodriguez\",\"student_id\":229},{\"name\":\"Student B. Smith\",\"student_id\":571},{\"name\":\"Student B. Smith\",\"student_id\":999},{\"name\":\"Student B. Smith\",\"student_id\":627},{\"name\":\"Student B. Smith\",\"student_id\":598},{\"name\":\"Student B. Smith\",\"student_id\":709},{\"name\":\"Student B. Williams\",\"student_id\":366},{\"name\":\"Student B. Williams\",\"student_id\":357},{\"name\":\"Student B. Williams\",\"student_id\":12},{\"name\":\"Student B. Williams\",\"student_id\":958},{\"name\":\"Student B. Williams\",\"student_id\":153},{\"name\":\"Student B. Williams\",\"student_id\":474},{\"name\":\"Student C. Brown\",\"student_id\":422},{\"name\":\"Student C. Davis\",\"student_id\":324},{\"name\":\"Student C. Davis\",\"student_id\":116},{\"name\":\"Student C. Garcia\",\"student_id\":542},{\"name\":\"Student C. Garcia\",\"student_id\":131},{\"name\":\"Student C. Garcia\",\"student_id\":591},{\"name\":\"Student C. Garcia\",\"student_id\":51},{\"name\":\"Student C. Garcia\",\"student_id\":903},{\"name\":\"Student C. Johnson\",\"student_id\":22},{\"name\":\"Student C. Johnson\",\"student_id\":301},{\"name\":\"Student C. Johnson\",\"student_id\":333},{\"name\":\"Student C. Jones\",\"student_id\":167},{\"name\":\"Student C. Jones\",\"student_id\":780},{\"name\":\"Student C. Martinez\",\"student_id\":445},{\"name\":\"Student C. Martinez\",\"student_id\":488},{\"name\":\"Student C. Martinez\",\"student_id\":927}]}" }), annotations: None }], is_error: Some(false) }), Number(3)))
2025-05-17T08:31:26.637812Z TRACE tokio_postgres::connection: poll_read: waiting on response    
2025-05-17T08:31:26.637817Z TRACE tokio_postgres::connection: polled new request    
2025-05-17T08:31:26.637822Z TRACE tokio_postgres::connection: poll_write: at eof, pending responses 1    
2025-05-17T08:31:26.637851Z TRACE tokio_postgres::connection: poll_flush: flushed    
2025-05-17T08:31:26.638528Z TRACE tokio_postgres::connection: poll_read: waiting on response    
2025-05-17T08:31:26.638541Z TRACE tokio_postgres::connection: poll_write: at eof, terminating    
2025-05-17T08:31:26.638547Z TRACE tokio_postgres::connection: poll_write: sent eof, closing    
2025-05-17T08:31:26.638551Z TRACE tokio_postgres::connection: poll_write: done    
2025-05-17T08:31:26.638585Z TRACE tokio_postgres::connection: poll_shutdown: complete    
